#
# There is insufficient memory for the Java Runtime Environment to continue.
# Native memory allocation (malloc) failed to allocate 279632 bytes for Chunk::new
# Possible reasons:
#   The system is out of physical RAM or swap space
#   The process is running with CompressedOops enabled, and the Java Heap may be blocking the growth of the native heap
# Possible solutions:
#   Reduce memory load on the system
#   Increase physical memory or swap space
#   Check if swap backing store is full
#   Decrease Java heap size (-Xmx/-Xms)
#   Decrease number of Java threads
#   Decrease Java thread stack sizes (-Xss)
#   Set larger code cache with -XX:ReservedCodeCacheSize=
#   JVM is running with Zero Based Compressed Oops mode in which the Java heap is
#     placed in the first 32GB address space. The Java Heap base address is the
#     maximum limit for the native heap growth. Please use -XX:HeapBaseMinAddress
#     to set the Java Heap base and to place the Java Heap above 32GB virtual address.
# This output file may be truncated or incomplete.
#
#  Out of Memory Error (allocation.cpp:389), pid=8276, tid=0x00000000000055b8
#
# JRE version: Java(TM) SE Runtime Environment (8.0_261-b12) (build 1.8.0_261-b12)
# Java VM: Java HotSpot(TM) 64-Bit Server VM (25.261-b12 mixed mode windows-amd64 compressed oops)
# Failed to write core dump. Minidumps are not enabled by default on client versions of Windows
#

---------------  T H R E A D  ---------------

Current thread (0x000001c34b89a800):  JavaThread "C2 CompilerThread0" daemon [_thread_in_native, id=21944, stack(0x0000000aecc00000,0x0000000aecd00000)]

Stack: [0x0000000aecc00000,0x0000000aecd00000]
Native frames: (J=compiled Java code, j=interpreted, Vv=VM code, C=native code)
V  [jvm.dll+0x33e5f9]
V  [jvm.dll+0x2850e2]
V  [jvm.dll+0x285d8d]
V  [jvm.dll+0x27c895]
V  [jvm.dll+0xe4d6c]
V  [jvm.dll+0xe556c]
V  [jvm.dll+0x4c1958]
V  [jvm.dll+0x4c47ca]
V  [jvm.dll+0x44f6fe]
V  [jvm.dll+0x44ecb5]
V  [jvm.dll+0x439bc7]
V  [jvm.dll+0xbbbcb]
V  [jvm.dll+0xba22b]
V  [jvm.dll+0x24d962]
V  [jvm.dll+0x2a1cfc]
C  [ucrtbase.dll+0x21bb2]
C  [KERNEL32.DLL+0x17034]
C  [ntdll.dll+0x52651]


Current CompileTask:
C2:  15336 4016       4       java.lang.Class::getMethod0 (40 bytes)


---------------  P R O C E S S  ---------------

Java Threads: ( => current thread )
  0x000001c3528f0800 JavaThread "DestroyJavaVM" [_thread_blocked, id=6652, stack(0x0000000aebc00000,0x0000000aebd00000)]
  0x000001c3528ed800 JavaThread "http-nio-9001-Acceptor" daemon [_thread_in_native, id=1328, stack(0x0000000aee300000,0x0000000aee400000)]
  0x000001c3528e9000 JavaThread "http-nio-9001-ClientPoller" daemon [_thread_in_native, id=18124, stack(0x0000000aee200000,0x0000000aee300000)]
  0x000001c3528f0000 JavaThread "http-nio-9001-exec-10" daemon [_thread_blocked, id=7876, stack(0x0000000aee100000,0x0000000aee200000)]
  0x000001c3528ea000 JavaThread "http-nio-9001-exec-9" daemon [_thread_blocked, id=15932, stack(0x0000000aee000000,0x0000000aee100000)]
  0x000001c3528ec000 JavaThread "http-nio-9001-exec-8" daemon [_thread_blocked, id=5680, stack(0x0000000aedf00000,0x0000000aee000000)]
  0x000001c3528e8800 JavaThread "http-nio-9001-exec-7" daemon [_thread_blocked, id=9320, stack(0x0000000aede00000,0x0000000aedf00000)]
  0x000001c350e4e000 JavaThread "http-nio-9001-exec-6" daemon [_thread_blocked, id=19108, stack(0x0000000aedd00000,0x0000000aede00000)]
  0x000001c350e53000 JavaThread "http-nio-9001-exec-5" daemon [_thread_blocked, id=9576, stack(0x0000000aedc00000,0x0000000aedd00000)]
  0x000001c350e4e800 JavaThread "http-nio-9001-exec-4" daemon [_thread_blocked, id=3160, stack(0x0000000aedb00000,0x0000000aedc00000)]
  0x000001c350e51800 JavaThread "http-nio-9001-exec-3" daemon [_thread_blocked, id=11400, stack(0x0000000aeda00000,0x0000000aedb00000)]
  0x000001c350e52800 JavaThread "http-nio-9001-exec-2" daemon [_thread_in_vm, id=15864, stack(0x0000000aed900000,0x0000000aeda00000)]
  0x000001c350e4f800 JavaThread "http-nio-9001-exec-1" daemon [_thread_blocked, id=7756, stack(0x0000000aed800000,0x0000000aed900000)]
  0x000001c350e54000 JavaThread "http-nio-9001-BlockPoller" daemon [_thread_in_native, id=10016, stack(0x0000000aed700000,0x0000000aed800000)]
  0x000001c350e50000 JavaThread "HikariPool-1 housekeeper" daemon [_thread_blocked, id=12576, stack(0x0000000aed500000,0x0000000aed600000)]
  0x000001c351ca4000 JavaThread "container-0" [_thread_blocked, id=7332, stack(0x0000000aed400000,0x0000000aed500000)]
  0x000001c352291000 JavaThread "Catalina-utility-2" [_thread_blocked, id=18476, stack(0x0000000aed300000,0x0000000aed400000)]
  0x000001c351cde800 JavaThread "Catalina-utility-1" [_thread_blocked, id=5084, stack(0x0000000aed200000,0x0000000aed300000)]
  0x000001c34b8ce000 JavaThread "Service Thread" daemon [_thread_blocked, id=10112, stack(0x0000000aed000000,0x0000000aed100000)]
  0x000001c34b8a8800 JavaThread "C1 CompilerThread3" daemon [_thread_blocked, id=17144, stack(0x0000000aecf00000,0x0000000aed000000)]
  0x000001c34b8a2000 JavaThread "C2 CompilerThread2" daemon [_thread_in_native, id=9592, stack(0x0000000aece00000,0x0000000aecf00000)]
  0x000001c34b89c800 JavaThread "C2 CompilerThread1" daemon [_thread_blocked, id=12296, stack(0x0000000aecd00000,0x0000000aece00000)]
=>0x000001c34b89a800 JavaThread "C2 CompilerThread0" daemon [_thread_in_native, id=21944, stack(0x0000000aecc00000,0x0000000aecd00000)]
  0x000001c34b899800 JavaThread "Attach Listener" daemon [_thread_blocked, id=4496, stack(0x0000000aecb00000,0x0000000aecc00000)]
  0x000001c34b898800 JavaThread "Signal Dispatcher" daemon [_thread_blocked, id=20120, stack(0x0000000aeca00000,0x0000000aecb00000)]
  0x000001c34b878800 JavaThread "Finalizer" daemon [_thread_blocked, id=19712, stack(0x0000000aec900000,0x0000000aeca00000)]
  0x000001c34b871000 JavaThread "Reference Handler" daemon [_thread_blocked, id=11772, stack(0x0000000aec800000,0x0000000aec900000)]

Other Threads:
  0x000001c34b847000 VMThread [stack: 0x0000000aec700000,0x0000000aec800000] [id=15908]
  0x000001c34ddc1000 WatcherThread [stack: 0x0000000aed100000,0x0000000aed200000] [id=13132]

VM state:not at safepoint (normal execution)

VM Mutex/Monitor currently owned by a thread: None

heap address: 0x00000006c1600000, size: 4074 MB, Compressed Oops mode: Zero based, Oop shift amount: 3
Narrow klass base: 0x0000000000000000, Narrow klass shift: 3
Compressed class space size: 1073741824 Address: 0x00000007c0000000

Heap:
 PSYoungGen      total 164352K, used 30899K [0x000000076b200000, 0x000000077a280000, 0x00000007c0000000)
  eden space 151552K, 11% used [0x000000076b200000,0x000000076c3b22c8,0x0000000774600000)
  from space 12800K, 99% used [0x0000000774600000,0x000000077527abb0,0x0000000775280000)
  to   space 12800K, 0% used [0x0000000775280000,0x0000000775280000,0x0000000775f00000)
 ParOldGen       total 142336K, used 16905K [0x00000006c1600000, 0x00000006ca100000, 0x000000076b200000)
  object space 142336K, 11% used [0x00000006c1600000,0x00000006c2682468,0x00000006ca100000)
 Metaspace       used 51247K, capacity 54196K, committed 54232K, reserved 1095680K
  class space    used 6894K, capacity 7422K, committed 7424K, reserved 1048576K

Card table byte_map: [0x000001c3418e0000,0x000001c3420e0000] byte_map_base: 0x000001c33e2d5000

Marking Bits: (ParMarkBitMap*) 0x00000000763e4fb0
 Begin Bits: [0x000001c342630000, 0x000001c3465d8000)
 End Bits:   [0x000001c3465d8000, 0x000001c34a580000)

Polling page: 0x000001c3324f0000

CodeCache: size=245760Kb used=12142Kb max_used=13609Kb free=233617Kb
 bounds [0x000001c332520000, 0x000001c3332e0000, 0x000001c341520000]
 total_blobs=3961 nmethods=3448 adapters=426
 compilation: enabled

Compilation events (10 events):
Event: 15.300 Thread 0x000001c34b8a8800 nmethod 4032 0x000001c3330abc90 code [0x000001c3330abde0, 0x000001c3330abef8]
Event: 15.301 Thread 0x000001c34b89c800 nmethod 4024 0x000001c3329f2510 code [0x000001c3329f26a0, 0x000001c3329f2f68]
Event: 15.301 Thread 0x000001c34b89c800 4028       4       java.lang.reflect.Method::getDeclaredAnnotations (5 bytes)
Event: 15.304 Thread 0x000001c34b89c800 nmethod 4028 0x000001c332d53d10 code [0x000001c332d53ea0, 0x000001c332d54348]
Event: 15.314 Thread 0x000001c34b8a8800 4033       1       org.springframework.util.MimeType::getType (5 bytes)
Event: 15.314 Thread 0x000001c34b8a8800 nmethod 4033 0x000001c33307c010 code [0x000001c33307c160, 0x000001c33307c278]
Event: 15.315 Thread 0x000001c34b8a8800 4034   !   3       java.util.concurrent.ConcurrentHashMap::putVal (362 bytes)
Event: 15.316 Thread 0x000001c34b8a8800 nmethod 4034 0x000001c33295b9d0 code [0x000001c33295bc80, 0x000001c33295d5e0]
Event: 15.323 Thread 0x000001c34b8a8800 4035       1       com.fasterxml.jackson.databind.JavaType::getRawClass (5 bytes)
Event: 15.323 Thread 0x000001c34b8a8800 nmethod 4035 0x000001c3326e8fd0 code [0x000001c3326e9120, 0x000001c3326e9238]

GC Heap History (10 events):
Event: 1.211 GC heap before
{Heap before GC invocations=5 (full 1):
 PSYoungGen      total 76288K, used 65536K [0x000000076b200000, 0x0000000774700000, 0x00000007c0000000)
  eden space 65536K, 100% used [0x000000076b200000,0x000000076f200000,0x000000076f200000)
  from space 10752K, 0% used [0x000000076f200000,0x000000076f200000,0x000000076fc80000)
  to   space 10752K, 0% used [0x0000000773c80000,0x0000000773c80000,0x0000000774700000)
 ParOldGen       total 100864K, used 6943K [0x00000006c1600000, 0x00000006c7880000, 0x000000076b200000)
  object space 100864K, 6% used [0x00000006c1600000,0x00000006c1cc7d38,0x00000006c7880000)
 Metaspace       used 24792K, capacity 26174K, committed 26368K, reserved 1073152K
  class space    used 3176K, capacity 3459K, committed 3584K, reserved 1048576K
Event: 1.215 GC heap after
Heap after GC invocations=5 (full 1):
 PSYoungGen      total 109568K, used 8466K [0x000000076b200000, 0x0000000774500000, 0x00000007c0000000)
  eden space 100864K, 0% used [0x000000076b200000,0x000000076b200000,0x0000000771480000)
  from space 8704K, 97% used [0x0000000773c80000,0x00000007744c4990,0x0000000774500000)
  to   space 10752K, 0% used [0x0000000773000000,0x0000000773000000,0x0000000773a80000)
 ParOldGen       total 100864K, used 6951K [0x00000006c1600000, 0x00000006c7880000, 0x000000076b200000)
  object space 100864K, 6% used [0x00000006c1600000,0x00000006c1cc9d38,0x00000006c7880000)
 Metaspace       used 24792K, capacity 26174K, committed 26368K, reserved 1073152K
  class space    used 3176K, capacity 3459K, committed 3584K, reserved 1048576K
}
Event: 1.761 GC heap before
{Heap before GC invocations=6 (full 1):
 PSYoungGen      total 109568K, used 109330K [0x000000076b200000, 0x0000000774500000, 0x00000007c0000000)
  eden space 100864K, 100% used [0x000000076b200000,0x0000000771480000,0x0000000771480000)
  from space 8704K, 97% used [0x0000000773c80000,0x00000007744c4990,0x0000000774500000)
  to   space 10752K, 0% used [0x0000000773000000,0x0000000773000000,0x0000000773a80000)
 ParOldGen       total 100864K, used 6951K [0x00000006c1600000, 0x00000006c7880000, 0x000000076b200000)
  object space 100864K, 6% used [0x00000006c1600000,0x00000006c1cc9d38,0x00000006c7880000)
 Metaspace       used 32364K, capacity 34510K, committed 34688K, reserved 1079296K
  class space    used 4219K, capacity 4611K, committed 4736K, reserved 1048576K
Event: 1.766 GC heap after
Heap after GC invocations=6 (full 1):
 PSYoungGen      total 139776K, used 10730K [0x000000076b200000, 0x0000000775f00000, 0x00000007c0000000)
  eden space 129024K, 0% used [0x000000076b200000,0x000000076b200000,0x0000000773000000)
  from space 10752K, 99% used [0x0000000773000000,0x0000000773a7aa00,0x0000000773a80000)
  to   space 12800K, 0% used [0x0000000775280000,0x0000000775280000,0x0000000775f00000)
 ParOldGen       total 100864K, used 7755K [0x00000006c1600000, 0x00000006c7880000, 0x000000076b200000)
  object space 100864K, 7% used [0x00000006c1600000,0x00000006c1d92ca8,0x00000006c7880000)
 Metaspace       used 32364K, capacity 34510K, committed 34688K, reserved 1079296K
  class space    used 4219K, capacity 4611K, committed 4736K, reserved 1048576K
}
Event: 1.791 GC heap before
{Heap before GC invocations=7 (full 1):
 PSYoungGen      total 139776K, used 18031K [0x000000076b200000, 0x0000000775f00000, 0x00000007c0000000)
  eden space 129024K, 5% used [0x000000076b200000,0x000000076b921560,0x0000000773000000)
  from space 10752K, 99% used [0x0000000773000000,0x0000000773a7aa00,0x0000000773a80000)
  to   space 12800K, 0% used [0x0000000775280000,0x0000000775280000,0x0000000775f00000)
 ParOldGen       total 100864K, used 7755K [0x00000006c1600000, 0x00000006c7880000, 0x000000076b200000)
  object space 100864K, 7% used [0x00000006c1600000,0x00000006c1d92ca8,0x00000006c7880000)
 Metaspace       used 33176K, capacity 35390K, committed 35416K, reserved 1079296K
  class space    used 4327K, capacity 4725K, committed 4736K, reserved 1048576K
Event: 1.795 GC heap after
Heap after GC invocations=7 (full 1):
 PSYoungGen      total 164352K, used 8004K [0x000000076b200000, 0x000000077a280000, 0x00000007c0000000)
  eden space 151552K, 0% used [0x000000076b200000,0x000000076b200000,0x0000000774600000)
  from space 12800K, 62% used [0x0000000775280000,0x0000000775a51100,0x0000000775f00000)
  to   space 12800K, 0% used [0x0000000774600000,0x0000000774600000,0x0000000775280000)
 ParOldGen       total 100864K, used 7763K [0x00000006c1600000, 0x00000006c7880000, 0x000000076b200000)
  object space 100864K, 7% used [0x00000006c1600000,0x00000006c1d94ca8,0x00000006c7880000)
 Metaspace       used 33176K, capacity 35390K, committed 35416K, reserved 1079296K
  class space    used 4327K, capacity 4725K, committed 4736K, reserved 1048576K
}
Event: 1.795 GC heap before
{Heap before GC invocations=8 (full 2):
 PSYoungGen      total 164352K, used 8004K [0x000000076b200000, 0x000000077a280000, 0x00000007c0000000)
  eden space 151552K, 0% used [0x000000076b200000,0x000000076b200000,0x0000000774600000)
  from space 12800K, 62% used [0x0000000775280000,0x0000000775a51100,0x0000000775f00000)
  to   space 12800K, 0% used [0x0000000774600000,0x0000000774600000,0x0000000775280000)
 ParOldGen       total 100864K, used 7763K [0x00000006c1600000, 0x00000006c7880000, 0x000000076b200000)
  object space 100864K, 7% used [0x00000006c1600000,0x00000006c1d94ca8,0x00000006c7880000)
 Metaspace       used 33176K, capacity 35390K, committed 35416K, reserved 1079296K
  class space    used 4327K, capacity 4725K, committed 4736K, reserved 1048576K
Event: 1.837 GC heap after
Heap after GC invocations=8 (full 2):
 PSYoungGen      total 164352K, used 0K [0x000000076b200000, 0x000000077a280000, 0x00000007c0000000)
  eden space 151552K, 0% used [0x000000076b200000,0x000000076b200000,0x0000000774600000)
  from space 12800K, 0% used [0x0000000775280000,0x0000000775280000,0x0000000775f00000)
  to   space 12800K, 0% used [0x0000000774600000,0x0000000774600000,0x0000000775280000)
 ParOldGen       total 142336K, used 12500K [0x00000006c1600000, 0x00000006ca100000, 0x000000076b200000)
  object space 142336K, 8% used [0x00000006c1600000,0x00000006c2235110,0x00000006ca100000)
 Metaspace       used 33176K, capacity 35390K, committed 35416K, reserved 1079296K
  class space    used 4327K, capacity 4725K, committed 4736K, reserved 1048576K
}
Event: 15.196 GC heap before
{Heap before GC invocations=9 (full 2):
 PSYoungGen      total 164352K, used 151552K [0x000000076b200000, 0x000000077a280000, 0x00000007c0000000)
  eden space 151552K, 100% used [0x000000076b200000,0x0000000774600000,0x0000000774600000)
  from space 12800K, 0% used [0x0000000775280000,0x0000000775280000,0x0000000775f00000)
  to   space 12800K, 0% used [0x0000000774600000,0x0000000774600000,0x0000000775280000)
 ParOldGen       total 142336K, used 12500K [0x00000006c1600000, 0x00000006ca100000, 0x000000076b200000)
  object space 142336K, 8% used [0x00000006c1600000,0x00000006c2235110,0x00000006ca100000)
 Metaspace       used 48798K, capacity 51716K, committed 51928K, reserved 1093632K
  class space    used 6608K, capacity 7142K, committed 7168K, reserved 1048576K
Event: 15.206 GC heap after
Heap after GC invocations=9 (full 2):
 PSYoungGen      total 164352K, used 12778K [0x000000076b200000, 0x000000077a280000, 0x00000007c0000000)
  eden space 151552K, 0% used [0x000000076b200000,0x000000076b200000,0x0000000774600000)
  from space 12800K, 99% used [0x0000000774600000,0x000000077527abb0,0x0000000775280000)
  to   space 12800K, 0% used [0x0000000775280000,0x0000000775280000,0x0000000775f00000)
 ParOldGen       total 142336K, used 16905K [0x00000006c1600000, 0x00000006ca100000, 0x000000076b200000)
  object space 142336K, 11% used [0x00000006c1600000,0x00000006c2682468,0x00000006ca100000)
 Metaspace       used 48798K, capacity 51716K, committed 51928K, reserved 1093632K
  class space    used 6608K, capacity 7142K, committed 7168K, reserved 1048576K
}

Deoptimization events (10 events):
Event: 2.628 Thread 0x000001c330bcb000 Uncommon trap: reason=unstable_if action=reinterpret pc=0x000001c3331271dc method=org.springframework.core.annotation.AnnotationsScanner.isKnownEmpty(Ljava/lang/reflect/AnnotatedElement;Lorg/springframework/core/annotation/MergedAnnotations$SearchStrategy
Event: 2.646 Thread 0x000001c330bcb000 Uncommon trap: reason=null_check action=make_not_entrant pc=0x000001c332cd99f4 method=org.springframework.util.ClassUtils.isAssignable(Ljava/lang/Class;Ljava/lang/Class;)Z @ 14
Event: 2.676 Thread 0x000001c330bcb000 Uncommon trap: reason=class_check action=maybe_recompile pc=0x000001c332f6f1d8 method=java.lang.reflect.Method.equals(Ljava/lang/Object;)Z @ 5
Event: 2.707 Thread 0x000001c330bcb000 Uncommon trap: reason=unstable_if action=reinterpret pc=0x000001c3328fabd8 method=org.springframework.util.ConcurrentReferenceHashMap$Segment.clear()V @ 7
Event: 2.719 Thread 0x000001c330bcb000 Uncommon trap: reason=unstable_if action=reinterpret pc=0x000001c3331e45c0 method=java.lang.Class$MethodArray.add(Ljava/lang/reflect/Method;)V @ 51
Event: 2.726 Thread 0x000001c330bcb000 Uncommon trap: reason=null_check action=make_not_entrant pc=0x000001c332b52e5c method=java.util.AbstractCollection.toArray([Ljava/lang/Object;)[Ljava/lang/Object; @ 119
Event: 15.309 Thread 0x000001c350e52800 Uncommon trap: reason=bimorphic action=maybe_recompile pc=0x000001c3328ec968 method=java.util.concurrent.ConcurrentHashMap.putVal(Ljava/lang/Object;Ljava/lang/Object;Z)Ljava/lang/Object; @ 192
Event: 15.310 Thread 0x000001c350e52800 Uncommon trap: reason=bimorphic action=maybe_recompile pc=0x000001c3328ec968 method=java.util.concurrent.ConcurrentHashMap.putVal(Ljava/lang/Object;Ljava/lang/Object;Z)Ljava/lang/Object; @ 192
Event: 15.313 Thread 0x000001c350e52800 Uncommon trap: reason=bimorphic action=maybe_recompile pc=0x000001c3328ec968 method=java.util.concurrent.ConcurrentHashMap.putVal(Ljava/lang/Object;Ljava/lang/Object;Z)Ljava/lang/Object; @ 192
Event: 15.313 Thread 0x000001c350e52800 Uncommon trap: reason=bimorphic action=maybe_recompile pc=0x000001c3328ec968 method=java.util.concurrent.ConcurrentHashMap.putVal(Ljava/lang/Object;Ljava/lang/Object;Z)Ljava/lang/Object; @ 192

Classes redefined (0 events):
No events

Internal exceptions (10 events):
Event: 2.392 Thread 0x000001c330bcb000 Exception <a 'java/lang/ClassNotFoundException': org/springframework/beans/factory/AwareCustomizer> (0x0000000771686ef8) thrown at [C:\jenkins\workspace\8-2-build-windows-amd64-cygwin\jdk8u261\295\hotspot\src\share\vm\classfile\systemDictionary.cpp, line 
Event: 2.547 Thread 0x000001c330bcb000 Exception <a 'java/lang/IncompatibleClassChangeError': Found class java.lang.Object, but interface was expected> (0x00000007729efdf0) thrown at [C:\jenkins\workspace\8-2-build-windows-amd64-cygwin\jdk8u261\295\hotspot\src\share\vm\interpreter\linkResolver
Event: 2.634 Thread 0x000001c330bcb000 Exception <a 'java/lang/ClassNotFoundException': java/lang/ObjectCustomizer> (0x00000007732ba320) thrown at [C:\jenkins\workspace\8-2-build-windows-amd64-cygwin\jdk8u261\295\hotspot\src\share\vm\classfile\systemDictionary.cpp, line 210]
Event: 2.635 Thread 0x000001c330bcb000 Exception <a 'java/lang/ClassNotFoundException': org/springframework/boot/actuate/autoconfigure/metrics/jdbc/DataSourcePoolMetricsAutoConfiguration$HikariDataSourceMetricsConfigurationCustomizer> (0x00000007732e32a0) thrown at [C:\jenkins\workspace\8-2-bu
Event: 2.637 Thread 0x000001c330bcb000 Exception <a 'java/lang/ClassNotFoundException': java/lang/ObjectCustomizer> (0x0000000773327cd8) thrown at [C:\jenkins\workspace\8-2-build-windows-amd64-cygwin\jdk8u261\295\hotspot\src\share\vm\classfile\systemDictionary.cpp, line 210]
Event: 2.637 Thread 0x000001c330bcb000 Exception <a 'java/lang/ClassNotFoundException': org/springframework/boot/actuate/autoconfigure/metrics/jdbc/DataSourcePoolMetricsAutoConfiguration$DataSourcePoolMetadataMetricsConfigurationCustomizer> (0x0000000773352330) thrown at [C:\jenkins\workspace\
Event: 2.639 Thread 0x000001c330bcb000 Exception <a 'java/lang/IncompatibleClassChangeError': Found class java.lang.Object, but interface was expected> (0x0000000773391d10) thrown at [C:\jenkins\workspace\8-2-build-windows-amd64-cygwin\jdk8u261\295\hotspot\src\share\vm\interpreter\linkResolver
Event: 2.719 Thread 0x000001c330bcb000 Implicit null exception at 0x000001c3331e43ad to 0x000001c3331e45b1
Event: 2.726 Thread 0x000001c330bcb000 Implicit null exception at 0x000001c332b52d42 to 0x000001c332b52e51
Event: 15.291 Thread 0x000001c350e52800 Exception <a 'java/lang/NoSuchMethodError': java.lang.Object.lambda$builder$1(Ljava/lang/String;)Lio/micrometer/core/instrument/Timer$Builder;> (0x000000076beb5060) thrown at [C:\jenkins\workspace\8-2-build-windows-amd64-cygwin\jdk8u261\295\hotspot\src\sh

Events (10 events):
Event: 15.327 loading class com/fasterxml/jackson/annotation/JsonProperty
Event: 15.327 loading class com/fasterxml/jackson/annotation/JsonProperty done
Event: 15.327 loading class com/fasterxml/jackson/annotation/JsonAutoDetect$1
Event: 15.327 loading class com/fasterxml/jackson/annotation/JsonAutoDetect$1 done
Event: 15.327 loading class com/fasterxml/jackson/annotation/JsonIgnore
Event: 15.327 loading class com/fasterxml/jackson/annotation/JsonIgnore done
Event: 15.327 loading class com/fasterxml/jackson/databind/introspect/POJOPropertyBuilder
Event: 15.327 loading class com/fasterxml/jackson/databind/introspect/POJOPropertyBuilder done
Event: 15.328 loading class com/fasterxml/jackson/databind/introspect/POJOPropertyBuilder$WithMember
Event: 15.328 loading class com/fasterxml/jackson/databind/introspect/POJOPropertyBuilder$WithMember done


Dynamic libraries:
0x00007ff650810000 - 0x00007ff650857000 	C:\Program Files\Java\jdk1.8.0_261\bin\java.exe
0x00007ff8defb0000 - 0x00007ff8df1a5000 	C:\WINDOWS\SYSTEM32\ntdll.dll
0x00007ff8deb70000 - 0x00007ff8dec2d000 	C:\WINDOWS\System32\KERNEL32.DLL
0x00007ff8dcbc0000 - 0x00007ff8dce88000 	C:\WINDOWS\System32\KERNELBASE.dll
0x00007ff8d9f80000 - 0x00007ff8da010000 	C:\WINDOWS\SYSTEM32\apphelp.dll
0x00007ff8de760000 - 0x00007ff8de80c000 	C:\WINDOWS\System32\ADVAPI32.dll
0x00007ff8dd2f0000 - 0x00007ff8dd38e000 	C:\WINDOWS\System32\msvcrt.dll
0x00007ff8dd390000 - 0x00007ff8dd42b000 	C:\WINDOWS\System32\sechost.dll
0x00007ff8decf0000 - 0x00007ff8dee1b000 	C:\WINDOWS\System32\RPCRT4.dll
0x00007ff8dd530000 - 0x00007ff8dd6d0000 	C:\WINDOWS\System32\USER32.dll
0x00007ff8dce90000 - 0x00007ff8dceb2000 	C:\WINDOWS\System32\win32u.dll
0x00007ff8decc0000 - 0x00007ff8decea000 	C:\WINDOWS\System32\GDI32.dll
0x00007ff8dca00000 - 0x00007ff8dcb0b000 	C:\WINDOWS\System32\gdi32full.dll
0x00007ff8dc8d0000 - 0x00007ff8dc96d000 	C:\WINDOWS\System32\msvcp_win.dll
0x00007ff8dc7a0000 - 0x00007ff8dc8a0000 	C:\WINDOWS\System32\ucrtbase.dll
0x00007ff8cd5f0000 - 0x00007ff8cd88a000 	C:\WINDOWS\WinSxS\amd64_microsoft.windows.common-controls_6595b64144ccf1df_6.0.19041.1052_none_60b8f8fd71f5e8cb\COMCTL32.dll
0x00007ff8dd2c0000 - 0x00007ff8dd2f0000 	C:\WINDOWS\System32\IMM32.DLL
0x00007ff8d5890000 - 0x00007ff8d58a5000 	C:\Program Files\Java\jdk1.8.0_261\jre\bin\vcruntime140.dll
0x00007ff8d5720000 - 0x00007ff8d57bb000 	C:\Program Files\Java\jdk1.8.0_261\jre\bin\msvcp140.dll
0x0000000075bf0000 - 0x000000007645c000 	C:\Program Files\Java\jdk1.8.0_261\jre\bin\server\jvm.dll
0x00007ff8dd430000 - 0x00007ff8dd438000 	C:\WINDOWS\System32\PSAPI.DLL
0x00007ff8c2190000 - 0x00007ff8c2199000 	C:\WINDOWS\SYSTEM32\WSOCK32.dll
0x00007ff8ceef0000 - 0x00007ff8cef17000 	C:\WINDOWS\SYSTEM32\WINMM.dll
0x00007ff8d6870000 - 0x00007ff8d687a000 	C:\WINDOWS\SYSTEM32\VERSION.dll
0x00007ff8def00000 - 0x00007ff8def6b000 	C:\WINDOWS\System32\WS2_32.dll
0x00007ff8da620000 - 0x00007ff8da632000 	C:\WINDOWS\SYSTEM32\kernel.appcore.dll
0x00007ff8d9300000 - 0x00007ff8d9310000 	C:\Program Files\Java\jdk1.8.0_261\jre\bin\verify.dll
0x00007ff8d5820000 - 0x00007ff8d584b000 	C:\Program Files\Java\jdk1.8.0_261\jre\bin\java.dll
0x00007ff8d5800000 - 0x00007ff8d5818000 	C:\Program Files\Java\jdk1.8.0_261\jre\bin\zip.dll
0x00007ff8ddfb0000 - 0x00007ff8de6ef000 	C:\WINDOWS\System32\SHELL32.dll
0x00007ff8da820000 - 0x00007ff8dafb0000 	C:\WINDOWS\SYSTEM32\windows.storage.dll
0x00007ff8de810000 - 0x00007ff8deb65000 	C:\WINDOWS\System32\combase.dll
0x00007ff8dc090000 - 0x00007ff8dc0bc000 	C:\WINDOWS\SYSTEM32\Wldp.dll
0x00007ff8dd0a0000 - 0x00007ff8dd14e000 	C:\WINDOWS\System32\SHCORE.dll
0x00007ff8de6f0000 - 0x00007ff8de745000 	C:\WINDOWS\System32\shlwapi.dll
0x00007ff8dc630000 - 0x00007ff8dc64f000 	C:\WINDOWS\SYSTEM32\profapi.dll
0x00007ff8d7de0000 - 0x00007ff8d7ded000 	C:\Program Files\Java\jdk1.8.0_261\jre\bin\management.dll
0x00007ff8d57e0000 - 0x00007ff8d57fc000 	C:\Program Files\Java\jdk1.8.0_261\jre\bin\net.dll
0x00007ff8dbe70000 - 0x00007ff8dbeda000 	C:\WINDOWS\system32\mswsock.dll
0x00007ff8bd7a0000 - 0x00007ff8bd7b7000 	C:\WINDOWS\system32\napinsp.dll
0x00007ff8bb7b0000 - 0x00007ff8bb7cb000 	C:\WINDOWS\system32\pnrpnsp.dll
0x00007ff8bb790000 - 0x00007ff8bb7a5000 	C:\WINDOWS\system32\wshbth.dll
0x00007ff8d90b0000 - 0x00007ff8d90cd000 	C:\WINDOWS\system32\NLAapi.dll
0x00007ff8dbb30000 - 0x00007ff8dbb6b000 	C:\WINDOWS\SYSTEM32\IPHLPAPI.DLL
0x00007ff8dbb80000 - 0x00007ff8dbc4c000 	C:\WINDOWS\SYSTEM32\DNSAPI.dll
0x00007ff8de750000 - 0x00007ff8de758000 	C:\WINDOWS\System32\NSI.dll
0x00007ff8ba9c0000 - 0x00007ff8ba9d2000 	C:\WINDOWS\System32\winrnr.dll
0x00007ff8d59e0000 - 0x00007ff8d59ea000 	C:\Windows\System32\rasadhlp.dll
0x00007ff8d40e0000 - 0x00007ff8d415f000 	C:\WINDOWS\System32\fwpuclnt.dll
0x00007ff8dc8a0000 - 0x00007ff8dc8c7000 	C:\WINDOWS\System32\bcrypt.dll
0x00007ff8d57c0000 - 0x00007ff8d57d3000 	C:\Program Files\Java\jdk1.8.0_261\jre\bin\nio.dll
0x00007ff8dc0d0000 - 0x00007ff8dc0e8000 	C:\WINDOWS\SYSTEM32\CRYPTSP.dll
0x00007ff8db7c0000 - 0x00007ff8db7f4000 	C:\WINDOWS\system32\rsaenh.dll
0x00007ff8dc5f0000 - 0x00007ff8dc61e000 	C:\WINDOWS\SYSTEM32\USERENV.dll
0x00007ff8dc970000 - 0x00007ff8dc9f3000 	C:\WINDOWS\System32\bcryptprimitives.dll
0x00007ff8dbff0000 - 0x00007ff8dbffc000 	C:\WINDOWS\SYSTEM32\CRYPTBASE.dll
0x00007ff8d6930000 - 0x00007ff8d6947000 	C:\WINDOWS\SYSTEM32\dhcpcsvc6.DLL
0x00007ff8d6910000 - 0x00007ff8d692d000 	C:\WINDOWS\SYSTEM32\dhcpcsvc.DLL
0x00007ff8c06b0000 - 0x00007ff8c0894000 	C:\WINDOWS\SYSTEM32\dbghelp.dll

VM Arguments:
java_command: cl.java.springboot.run.TareasServiceApplication
java_class_path (initial): C:\Users\Gamer\Desktop\TestBanco\gs-actuator-service\ApiTareasSpringBoot\target\classes;C:\Users\Gamer\.m2\repository\org\springframework\boot\spring-boot-starter-actuator\2.5.1\spring-boot-starter-actuator-2.5.1.jar;C:\Users\Gamer\.m2\repository\org\springframework\boot\spring-boot-starter\2.5.1\spring-boot-starter-2.5.1.jar;C:\Users\Gamer\.m2\repository\org\springframework\boot\spring-boot\2.5.1\spring-boot-2.5.1.jar;C:\Users\Gamer\.m2\repository\org\springframework\boot\spring-boot-autoconfigure\2.5.1\spring-boot-autoconfigure-2.5.1.jar;C:\Users\Gamer\.m2\repository\org\springframework\boot\spring-boot-starter-logging\2.5.1\spring-boot-starter-logging-2.5.1.jar;C:\Users\Gamer\.m2\repository\ch\qos\logback\logback-classic\1.2.3\logback-classic-1.2.3.jar;C:\Users\Gamer\.m2\repository\ch\qos\logback\logback-core\1.2.3\logback-core-1.2.3.jar;C:\Users\Gamer\.m2\repository\org\apache\logging\log4j\log4j-to-slf4j\2.14.1\log4j-to-slf4j-2.14.1.jar;C:\Users\Gamer\.m2\repository\org\apache\logging\log4j\log4j-api\2.14.1\log4j-api-2.14.1.jar;C:\Users\Gamer\.m2\repository\org\slf4j\jul-to-slf4j\1.7.30\jul-to-slf4j-1.7.30.jar;C:\Users\Gamer\.m2\repository\jakarta\annotation\jakarta.annotation-api\1.3.5\jakarta.annotation-api-1.3.5.jar;C:\Users\Gamer\.m2\repository\org\yaml\snakeyaml\1.28\snakeyaml-1.28.jar;C:\Users\Gamer\.m2\repository\org\springframework\boot\spring-boot-actuator-autoconfigure\2.5.1\spring-boot-actuator-autoconfigure-2.5.1.jar;C:\Users\Gamer\.m2\repository\org\springframework\boot\spring-boot-actuator\2.5.1\spring-boot-actuator-2.5.1.jar;C:\Users\Gamer\.m2\repository\com\fasterxml\jackson\core\jackson-databind\2.12.3\jackson-databind-2.12.3.jar;C:\Users\Gamer\.m2\repository\com\fasterxml\jackson\core\jackson-annotations\2.12.3\jackson-annotations-2.12.3.jar;C:\Users\Gamer\.m2\repository\com\fasterxml\jackson\core\jackson-core\2.12.3\jackson-core-2.12.3.jar;C:\Users\Gamer\.m2\repository\com\fasterxml\jackson\datatype\jackson-dataty
Launcher Type: SUN_STANDARD

Environment Variables:
JAVA_HOME=C:\Program Files\Java\jdk1.8.0_261
JRE_HOME=C:\Program Files\Java\jre1.8.0_261
PATH=C:\Program Files\Common Files\Oracle\Java\javapath;C:\Python27\;C:\Python27\Scripts;C:\oracle\product\10.2.0\client_2\bin;C:\oracle\product\10.2.0\client_1;C:\WINDOWS\system32;C:\WINDOWS;C:\WINDOWS\System32\Wbem;C:\WINDOWS\System32\WindowsPowerShell\v1.0\;C:\WINDOWS\System32\OpenSSH\;C:\Program Files\Microsoft SQL Server\130\Tools\Binn\;C:\Program Files\Microsoft SQL Server\Client SDK\ODBC\170\Tools\Binn\;C:\Program Files\Git\cmd;C:\Program Files (x86)\Pulse Secure\VC142.CRT\X64\;C:\Program Files (x86)\Pulse Secure\VC142.CRT\X86\;C:\Program Files\PuTTY\;C:\Program Files\Amazon\AWSCLI\;C:\Users\Gamer\Desktop\Banchile\apache-maven-3.6.3\bin;C:\Program Files\Java\jdk1.8.0_261;C:\Program Files\Java\jdk1.8.0_261\bin;C:\Users\Gamer\AppData\Roaming\nvm;C:\Program Files\nodejs;C:\Users\Gamer\Desktop\gradle-6.8.3\bin;;C:\Program Files (x86)\NVIDIA Corporation\PhysX\Common;C:\Program Files\NVIDIA Corporation\NVIDIA NvDLISR;C:\Program Files\dotnet\;C:\Program Files\Microsoft\Web Platform Installer\;C:\Program Files\MySQL\MySQL Shell 8.0\bin\;C:\Users\Gamer\AppData\Local\Microsoft\WindowsApps;C:\Users\Gamer\AppData\Local\Programs\Microsoft VS Code\bin;C:\Users\Gamer\AppData\Roaming\npm;"C:\Users\T015014\AppData\Roaming\npm\node_modules\angular-cli\bin;";C:\Users\Gamer\.dotnet\tools
USERNAME=Gamer
OS=Windows_NT
PROCESSOR_IDENTIFIER=AMD64 Family 23 Model 113 Stepping 0, AuthenticAMD



---------------  S Y S T E M  ---------------

OS: Windows 10.0 , 64 bit Build 19041 (10.0.19041.1023)

CPU:total 12 (initial active 12) (12 cores per cpu, 1 threads per core) family 23 model 113 stepping 0, cmov, cx8, fxsr, mmx, sse, sse2, sse3, ssse3, sse4.1, sse4.2, popcnt, avx, avx2, aes, clmul, mmxext, 3dnowpref, lzcnt, sse4a, tsc, tscinvbit, tscinv, bmi1

Memory: 4k page, physical 16683716k(4612480k free), swap 22827716k(5208k free)

vm_info: Java HotSpot(TM) 64-Bit Server VM (25.261-b12) for windows-amd64 JRE (1.8.0_261-b12), built on Jun 18 2020 06:56:32 by "" with unknown MS VC++:1916

time: Wed Jun 16 14:20:42 2021
timezone: Hora est. Sudamérica Pacífico
elapsed time: 15 seconds (0d 0h 0m 15s)

