#
# There is insufficient memory for the Java Runtime Environment to continue.
# Native memory allocation (malloc) failed to allocate 1048576 bytes for AllocateHeap
# Possible reasons:
#   The system is out of physical RAM or swap space
#   The process is running with CompressedOops enabled, and the Java Heap may be blocking the growth of the native heap
# Possible solutions:
#   Reduce memory load on the system
#   Increase physical memory or swap space
#   Check if swap backing store is full
#   Decrease Java heap size (-Xmx/-Xms)
#   Decrease number of Java threads
#   Decrease Java thread stack sizes (-Xss)
#   Set larger code cache with -XX:ReservedCodeCacheSize=
#   JVM is running with Zero Based Compressed Oops mode in which the Java heap is
#     placed in the first 32GB address space. The Java Heap base address is the
#     maximum limit for the native heap growth. Please use -XX:HeapBaseMinAddress
#     to set the Java Heap base and to place the Java Heap above 32GB virtual address.
# This output file may be truncated or incomplete.
#
#  Out of Memory Error (memory/allocation.inline.hpp:61), pid=17108, tid=0x0000000000003628
#
# JRE version:  (8.0_261-b12) (build )
# Java VM: Java HotSpot(TM) 64-Bit Server VM (25.261-b12 mixed mode windows-amd64 compressed oops)
# Failed to write core dump. Minidumps are not enabled by default on client versions of Windows
#

---------------  T H R E A D  ---------------

Current thread (0x000001ac3973b800):  JavaThread "Unknown thread" [_thread_in_vm, id=13864, stack(0x0000007c9e100000,0x0000007c9e200000)]

Stack: [0x0000007c9e100000,0x0000007c9e200000]
Native frames: (J=compiled Java code, j=interpreted, Vv=VM code, C=native code)
V  [jvm.dll+0x33e5f9]
V  [jvm.dll+0x2850e2]
V  [jvm.dll+0x285d8d]
V  [jvm.dll+0x27c895]
V  [jvm.dll+0x1565d]
V  [jvm.dll+0x3d87f8]
V  [jvm.dll+0x3d94ea]
V  [jvm.dll+0x3d5557]
V  [jvm.dll+0x10c61f]
V  [jvm.dll+0x21a00b]
V  [jvm.dll+0x248687]
V  [jvm.dll+0x172116]
C  [java.exe+0x2312]
C  [java.exe+0x15f64]
C  [KERNEL32.DLL+0x17034]
C  [ntdll.dll+0x52651]


---------------  P R O C E S S  ---------------

Java Threads: ( => current thread )

Other Threads:

=>0x000001ac3973b800 (exited) JavaThread "Unknown thread" [_thread_in_vm, id=13864, stack(0x0000007c9e100000,0x0000007c9e200000)]

VM state:not at safepoint (normal execution)

VM Mutex/Monitor currently owned by a thread: None

heap address: 0x00000006c1600000, size: 4074 MB, Compressed Oops mode: Zero based, Oop shift amount: 3
Narrow klass base: 0x0000000000000000, Narrow klass shift: 3
Compressed class space size: 1073741824 Address: 0x00000007c0000000

Heap:
 PSYoungGen      total 76288K, used 1310K [0x000000076b200000, 0x0000000770700000, 0x00000007c0000000)
  eden space 65536K, 2% used [0x000000076b200000,0x000000076b347af0,0x000000076f200000)
  from space 10752K, 0% used [0x000000076fc80000,0x000000076fc80000,0x0000000770700000)
  to   space 10752K, 0% used [0x000000076f200000,0x000000076f200000,0x000000076fc80000)
 ParOldGen       total 175104K, used 0K [0x00000006c1600000, 0x00000006cc100000, 0x000000076b200000)
  object space 175104K, 0% used [0x00000006c1600000,0x00000006c1600000,0x00000006cc100000)
 Metaspace       used 776K, capacity 4480K, committed 4480K, reserved 1056768K
  class space    used 76K, capacity 384K, committed 384K, reserved 1048576K

Card table byte_map: [0x000001ac4a530000,0x000001ac4ad30000] byte_map_base: 0x000001ac46f25000

Marking Bits: (ParMarkBitMap*) 0x00000000763e4fb0
 Begin Bits: [0x000001ac4b280000, 0x000001ac4f228000)
 End Bits:   [0x000001ac4f228000, 0x000001ac531d0000)

Polling page: 0x000001ac39940000

CodeCache: size=245760Kb used=327Kb max_used=327Kb free=245432Kb
 bounds [0x000001ac3b170000, 0x000001ac3b3e0000, 0x000001ac4a170000]
 total_blobs=57 nmethods=0 adapters=38
 compilation: enabled

Compilation events (0 events):
No events

GC Heap History (0 events):
No events

Deoptimization events (0 events):
No events

Classes redefined (0 events):
No events

Internal exceptions (0 events):
No events

Events (10 events):
Event: 0.017 loading class java/lang/Short
Event: 0.017 loading class java/lang/Short done
Event: 0.017 loading class java/lang/Integer
Event: 0.017 loading class java/lang/Integer done
Event: 0.017 loading class java/lang/Long
Event: 0.017 loading class java/lang/Long done
Event: 0.017 loading class java/lang/NullPointerException
Event: 0.017 loading class java/lang/NullPointerException done
Event: 0.017 loading class java/lang/ArithmeticException
Event: 0.017 loading class java/lang/ArithmeticException done


Dynamic libraries:
0x00007ff650810000 - 0x00007ff650857000 	C:\Program Files\Java\jdk1.8.0_261\bin\java.exe
0x00007ff8defb0000 - 0x00007ff8df1a5000 	C:\WINDOWS\SYSTEM32\ntdll.dll
0x00007ff8deb70000 - 0x00007ff8dec2d000 	C:\WINDOWS\System32\KERNEL32.DLL
0x00007ff8dcbc0000 - 0x00007ff8dce88000 	C:\WINDOWS\System32\KERNELBASE.dll
0x00007ff8d9f80000 - 0x00007ff8da010000 	C:\WINDOWS\SYSTEM32\apphelp.dll
0x00007ff8de760000 - 0x00007ff8de80c000 	C:\WINDOWS\System32\ADVAPI32.dll
0x00007ff8dd2f0000 - 0x00007ff8dd38e000 	C:\WINDOWS\System32\msvcrt.dll
0x00007ff8dd390000 - 0x00007ff8dd42b000 	C:\WINDOWS\System32\sechost.dll
0x00007ff8decf0000 - 0x00007ff8dee1b000 	C:\WINDOWS\System32\RPCRT4.dll
0x00007ff8dd530000 - 0x00007ff8dd6d0000 	C:\WINDOWS\System32\USER32.dll
0x00007ff8dce90000 - 0x00007ff8dceb2000 	C:\WINDOWS\System32\win32u.dll
0x00007ff8decc0000 - 0x00007ff8decea000 	C:\WINDOWS\System32\GDI32.dll
0x00007ff8dca00000 - 0x00007ff8dcb0b000 	C:\WINDOWS\System32\gdi32full.dll
0x00007ff8dc8d0000 - 0x00007ff8dc96d000 	C:\WINDOWS\System32\msvcp_win.dll
0x00007ff8dc7a0000 - 0x00007ff8dc8a0000 	C:\WINDOWS\System32\ucrtbase.dll
0x00007ff8cd5f0000 - 0x00007ff8cd88a000 	C:\WINDOWS\WinSxS\amd64_microsoft.windows.common-controls_6595b64144ccf1df_6.0.19041.1052_none_60b8f8fd71f5e8cb\COMCTL32.dll
0x00007ff8dd2c0000 - 0x00007ff8dd2f0000 	C:\WINDOWS\System32\IMM32.DLL
0x00007ff8d5890000 - 0x00007ff8d58a5000 	C:\Program Files\Java\jdk1.8.0_261\jre\bin\vcruntime140.dll
0x00007ff8d5720000 - 0x00007ff8d57bb000 	C:\Program Files\Java\jdk1.8.0_261\jre\bin\msvcp140.dll
0x0000000075bf0000 - 0x000000007645c000 	C:\Program Files\Java\jdk1.8.0_261\jre\bin\server\jvm.dll
0x00007ff8dd430000 - 0x00007ff8dd438000 	C:\WINDOWS\System32\PSAPI.DLL
0x00007ff8ceef0000 - 0x00007ff8cef17000 	C:\WINDOWS\SYSTEM32\WINMM.dll
0x00007ff8d6870000 - 0x00007ff8d687a000 	C:\WINDOWS\SYSTEM32\VERSION.dll
0x00007ff8c2190000 - 0x00007ff8c2199000 	C:\WINDOWS\SYSTEM32\WSOCK32.dll
0x00007ff8def00000 - 0x00007ff8def6b000 	C:\WINDOWS\System32\WS2_32.dll
0x00007ff8da620000 - 0x00007ff8da632000 	C:\WINDOWS\SYSTEM32\kernel.appcore.dll
0x00007ff8d9300000 - 0x00007ff8d9310000 	C:\Program Files\Java\jdk1.8.0_261\jre\bin\verify.dll
0x00007ff8d5820000 - 0x00007ff8d584b000 	C:\Program Files\Java\jdk1.8.0_261\jre\bin\java.dll
0x00007ff8d5800000 - 0x00007ff8d5818000 	C:\Program Files\Java\jdk1.8.0_261\jre\bin\zip.dll
0x00007ff8c06b0000 - 0x00007ff8c0894000 	C:\WINDOWS\SYSTEM32\dbghelp.dll
0x00007ff8dc970000 - 0x00007ff8dc9f3000 	C:\WINDOWS\System32\bcryptPrimitives.dll

VM Arguments:
java_command: cl.springboot.run.tareasService.TareasServiceApplication
java_class_path (initial): C:\Users\Gamer\Desktop\TestBanco\gs-actuator-service\ApiTareasSpringBoot\target\classes;C:\Users\Gamer\.m2\repository\org\springframework\boot\spring-boot-starter-actuator\2.5.1\spring-boot-starter-actuator-2.5.1.jar;C:\Users\Gamer\.m2\repository\org\springframework\boot\spring-boot-starter\2.5.1\spring-boot-starter-2.5.1.jar;C:\Users\Gamer\.m2\repository\org\springframework\boot\spring-boot\2.5.1\spring-boot-2.5.1.jar;C:\Users\Gamer\.m2\repository\org\springframework\boot\spring-boot-autoconfigure\2.5.1\spring-boot-autoconfigure-2.5.1.jar;C:\Users\Gamer\.m2\repository\org\springframework\boot\spring-boot-starter-logging\2.5.1\spring-boot-starter-logging-2.5.1.jar;C:\Users\Gamer\.m2\repository\ch\qos\logback\logback-classic\1.2.3\logback-classic-1.2.3.jar;C:\Users\Gamer\.m2\repository\ch\qos\logback\logback-core\1.2.3\logback-core-1.2.3.jar;C:\Users\Gamer\.m2\repository\org\apache\logging\log4j\log4j-to-slf4j\2.14.1\log4j-to-slf4j-2.14.1.jar;C:\Users\Gamer\.m2\repository\org\apache\logging\log4j\log4j-api\2.14.1\log4j-api-2.14.1.jar;C:\Users\Gamer\.m2\repository\org\slf4j\jul-to-slf4j\1.7.30\jul-to-slf4j-1.7.30.jar;C:\Users\Gamer\.m2\repository\jakarta\annotation\jakarta.annotation-api\1.3.5\jakarta.annotation-api-1.3.5.jar;C:\Users\Gamer\.m2\repository\org\yaml\snakeyaml\1.28\snakeyaml-1.28.jar;C:\Users\Gamer\.m2\repository\org\springframework\boot\spring-boot-actuator-autoconfigure\2.5.1\spring-boot-actuator-autoconfigure-2.5.1.jar;C:\Users\Gamer\.m2\repository\org\springframework\boot\spring-boot-actuator\2.5.1\spring-boot-actuator-2.5.1.jar;C:\Users\Gamer\.m2\repository\com\fasterxml\jackson\core\jackson-databind\2.12.3\jackson-databind-2.12.3.jar;C:\Users\Gamer\.m2\repository\com\fasterxml\jackson\core\jackson-annotations\2.12.3\jackson-annotations-2.12.3.jar;C:\Users\Gamer\.m2\repository\com\fasterxml\jackson\core\jackson-core\2.12.3\jackson-core-2.12.3.jar;C:\Users\Gamer\.m2\repository\com\fasterxml\jackson\datatype\jackson-dataty
Launcher Type: SUN_STANDARD

Environment Variables:
JAVA_HOME=C:\Program Files\Java\jdk1.8.0_261
JRE_HOME=C:\Program Files\Java\jre1.8.0_261
PATH=C:\Program Files\Common Files\Oracle\Java\javapath;C:\Python27\;C:\Python27\Scripts;C:\oracle\product\10.2.0\client_2\bin;C:\oracle\product\10.2.0\client_1;C:\WINDOWS\system32;C:\WINDOWS;C:\WINDOWS\System32\Wbem;C:\WINDOWS\System32\WindowsPowerShell\v1.0\;C:\WINDOWS\System32\OpenSSH\;C:\Program Files\Microsoft SQL Server\130\Tools\Binn\;C:\Program Files\Microsoft SQL Server\Client SDK\ODBC\170\Tools\Binn\;C:\Program Files\Git\cmd;C:\Program Files (x86)\Pulse Secure\VC142.CRT\X64\;C:\Program Files (x86)\Pulse Secure\VC142.CRT\X86\;C:\Program Files\PuTTY\;C:\Program Files\Amazon\AWSCLI\;C:\Users\Gamer\Desktop\Banchile\apache-maven-3.6.3\bin;C:\Program Files\Java\jdk1.8.0_261;C:\Program Files\Java\jdk1.8.0_261\bin;C:\Users\Gamer\AppData\Roaming\nvm;C:\Program Files\nodejs;C:\Users\Gamer\Desktop\gradle-6.8.3\bin;;C:\Program Files (x86)\NVIDIA Corporation\PhysX\Common;C:\Program Files\NVIDIA Corporation\NVIDIA NvDLISR;C:\Program Files\dotnet\;C:\Program Files\Microsoft\Web Platform Installer\;C:\Program Files\MySQL\MySQL Shell 8.0\bin\;C:\Users\Gamer\AppData\Local\Microsoft\WindowsApps;C:\Users\Gamer\AppData\Local\Programs\Microsoft VS Code\bin;C:\Users\Gamer\AppData\Roaming\npm;"C:\Users\T015014\AppData\Roaming\npm\node_modules\angular-cli\bin;";C:\Users\Gamer\.dotnet\tools
USERNAME=Gamer
OS=Windows_NT
PROCESSOR_IDENTIFIER=AMD64 Family 23 Model 113 Stepping 0, AuthenticAMD



---------------  S Y S T E M  ---------------

OS: Windows 10.0 , 64 bit Build 19041 (10.0.19041.1023)

CPU:total 12 (initial active 12) (12 cores per cpu, 1 threads per core) family 23 model 113 stepping 0, cmov, cx8, fxsr, mmx, sse, sse2, sse3, ssse3, sse4.1, sse4.2, popcnt, avx, avx2, aes, clmul, mmxext, 3dnowpref, lzcnt, sse4a, tsc, tscinvbit, tscinv, bmi1

Memory: 4k page, physical 16683716k(4334724k free), swap 22827716k(11936k free)

vm_info: Java HotSpot(TM) 64-Bit Server VM (25.261-b12) for windows-amd64 JRE (1.8.0_261-b12), built on Jun 18 2020 06:56:32 by "" with unknown MS VC++:1916

time: Wed Jun 16 13:32:06 2021
timezone: Hora est. Sudamérica Pacífico
elapsed time: 0 seconds (0d 0h 0m 0s)

